\BOOKMARK [0][-]{chapter.1}{Panoramica generale}{}% 1
\BOOKMARK [1][-]{section.1.1}{Introduzione}{chapter.1}% 2
\BOOKMARK [1][-]{section.1.2}{Il progetto}{chapter.1}% 3
\BOOKMARK [1][-]{section.1.3}{Algoritmo riconoscimento}{chapter.1}% 4
\BOOKMARK [1][-]{section.1.4}{Motivazioni}{chapter.1}% 5
\BOOKMARK [1][-]{section.1.5}{Outline}{chapter.1}% 6
\BOOKMARK [0][-]{chapter.2}{Analisi algoritmo esistente}{}% 7
\BOOKMARK [1][-]{section.2.1}{Ambiente di sviluppo}{chapter.2}% 8
\BOOKMARK [1][-]{section.2.2}{I Cartelli}{chapter.2}% 9
\BOOKMARK [1][-]{section.2.3}{Impostazione generale}{chapter.2}% 10
\BOOKMARK [2][-]{subsection.2.3.1}{Individuazione cartello}{section.2.3}% 11
\BOOKMARK [2][-]{subsection.2.3.2}{Trasformazione prospettica}{section.2.3}% 12
\BOOKMARK [2][-]{subsection.2.3.3}{Riconoscimento cartello}{section.2.3}% 13
\BOOKMARK [1][-]{section.2.4}{Analisi dati algoritmo}{chapter.2}% 14
\BOOKMARK [1][-]{section.2.5}{Conclusioni}{chapter.2}% 15
\BOOKMARK [0][-]{chapter.3}{Miglioramenti}{}% 16
\BOOKMARK [1][-]{section.3.1}{Cambio Cartelli}{chapter.3}% 17
\BOOKMARK [2][-]{subsection.3.1.1}{Analisi problematica}{section.3.1}% 18
\BOOKMARK [2][-]{subsection.3.1.2}{Cambio Cartelli}{section.3.1}% 19
\BOOKMARK [2][-]{subsection.3.1.3}{Analisi nuovi cartelli}{section.3.1}% 20
\BOOKMARK [2][-]{subsection.3.1.4}{Implementazione nuovo riconoscimento}{section.3.1}% 21
\BOOKMARK [1][-]{section.3.2}{Vanishing Point}{chapter.3}% 22
\BOOKMARK [2][-]{subsection.3.2.1}{Analisi ambiente}{section.3.2}% 23
\BOOKMARK [2][-]{subsection.3.2.2}{Punto sull'orizzonte}{section.3.2}% 24
\BOOKMARK [2][-]{subsection.3.2.3}{Calcolo Vanishing Point}{section.3.2}% 25
\BOOKMARK [2][-]{subsection.3.2.4}{Implementazione}{section.3.2}% 26
\BOOKMARK [2][-]{subsection.3.2.5}{Analisi prestazioni}{section.3.2}% 27
\BOOKMARK [1][-]{section.3.3}{Distanza dal cartello}{chapter.3}% 28
\BOOKMARK [2][-]{subsection.3.3.1}{Analisi ambiente}{section.3.3}% 29
\BOOKMARK [2][-]{subsection.3.3.2}{L' algoritmo}{section.3.3}% 30
\BOOKMARK [0][-]{chapter.4}{Esperimenti}{}% 31
\BOOKMARK [0][-]{chapter.5}{Conclusioni}{}% 32
